0	23:43:35.367	Compiling 'MACD Sample'
0	23:43:35.367	Compiling 'Moving Average'
0	23:43:38.048	Compiling 'Accelerator'
0	23:43:38.048	Compiling 'Accumulation'
0	23:43:38.048	Compiling 'Alligator'
0	23:43:38.048	Compiling 'ATR'
0	23:43:38.048	Compiling 'Awesome'
0	23:43:38.048	Compiling 'Bands'
0	23:43:38.048	Compiling 'Bears'
0	23:43:38.048	Compiling 'Bulls'
0	23:43:38.048	Compiling 'CCI'
0	23:43:38.048	Compiling 'Custom Moving Averages'
0	23:43:38.048	Compiling 'Heiken Ashi'
0	23:43:38.048	Compiling 'Ichimoku'
0	23:43:38.048	Compiling 'iExposure'
0	23:43:38.049	Compiling 'MACD'
0	23:43:38.049	Compiling 'Momentum'
0	23:43:38.049	Compiling 'OsMA'
0	23:43:38.049	Compiling 'Parabolic'
0	23:43:38.049	Compiling 'RSI'
0	23:43:38.049	Compiling 'Stochastic'
0	23:43:38.049	Compiling 'ZigZag'
0	23:43:38.049	Compiling 'SimplePanel'
0	23:43:43.066	Compiling 'PeriodConverter'
0	23:43:43.067	Compiling 'DLLSampleTester'
0	23:43:43.067	Compiling 'PipeClient'
0	23:43:43.067	Compiling 'PipeClientPure'
0	23:43:45.387	Compiling 'stdlib'
